This file contains any messages produced by compilers while
running configure, to aid debugging if configure makes a mistake.

It was created by FULL-PACKAGE-NAME configure VERSION, which was
generated by GNU Autoconf 2.69.  Invocation command line was

  $ ./configure 

## --------- ##
## Platform. ##
## --------- ##

hostname = vagrant
uname -m = aarch64
uname -r = 5.4.0-176-generic
uname -s = Linux
uname -v = #196-Ubuntu SMP Fri Mar 22 16:46:20 UTC 2024

/usr/bin/uname -p = aarch64
/bin/uname -X     = unknown

/bin/arch              = aarch64
/usr/bin/arch -k       = unknown
/usr/convex/getsysinfo = unknown
/usr/bin/hostinfo      = unknown
/bin/machine           = unknown
/usr/bin/oslevel       = unknown
/bin/universe          = unknown

PATH: /usr/local/sbin
PATH: /usr/local/bin
PATH: /usr/sbin
PATH: /usr/bin
PATH: /sbin
PATH: /bin
PATH: /usr/games
PATH: /usr/local/games
PATH: /snap/bin


## ----------- ##
## Core tests. ##
## ----------- ##

configure:2147: checking for gcc
configure:2163: found /usr/bin/gcc
configure:2174: result: gcc
configure:2403: checking for C compiler version
configure:2412: gcc --version >&5
gcc (Ubuntu 9.4.0-1ubuntu1~20.04.2) 9.4.0
Copyright (C) 2019 Free Software Foundation, Inc.
This is free software; see the source for copying conditions.  There is NO
warranty; not even for MERCHANTABILITY or FITNESS FOR A PARTICULAR PURPOSE.

configure:2423: $? = 0
configure:2412: gcc -v >&5
Using built-in specs.
COLLECT_GCC=gcc
COLLECT_LTO_WRAPPER=/usr/lib/gcc/aarch64-linux-gnu/9/lto-wrapper
Target: aarch64-linux-gnu
Configured with: ../src/configure -v --with-pkgversion='Ubuntu 9.4.0-1ubuntu1~20.04.2' --with-bugurl=file:///usr/share/doc/gcc-9/README.Bugs --enable-languages=c,ada,c++,go,d,fortran,objc,obj-c++,gm2 --prefix=/usr --with-gcc-major-version-only --program-suffix=-9 --program-prefix=aarch64-linux-gnu- --enable-shared --enable-linker-build-id --libexecdir=/usr/lib --without-included-gettext --enable-threads=posix --libdir=/usr/lib --enable-nls --enable-clocale=gnu --enable-libstdcxx-debug --enable-libstdcxx-time=yes --with-default-libstdcxx-abi=new --enable-gnu-unique-object --disable-libquadmath --disable-libquadmath-support --enable-plugin --enable-default-pie --with-system-zlib --with-target-system-zlib=auto --enable-objc-gc=auto --enable-multiarch --enable-fix-cortex-a53-843419 --disable-werror --enable-checking=release --build=aarch64-linux-gnu --host=aarch64-linux-gnu --target=aarch64-linux-gnu
Thread model: posix
gcc version 9.4.0 (Ubuntu 9.4.0-1ubuntu1~20.04.2) 
configure:2423: $? = 0
configure:2412: gcc -V >&5
gcc: error: unrecognized command line option '-V'
gcc: fatal error: no input files
compilation terminated.
configure:2423: $? = 1
configure:2412: gcc -qversion >&5
gcc: error: unrecognized command line option '-qversion'; did you mean '--version'?
gcc: fatal error: no input files
compilation terminated.
configure:2423: $? = 1
configure:2443: checking whether the C compiler works
configure:2465: gcc    conftest.c  >&5
configure:2469: $? = 0
configure:2517: result: yes
configure:2520: checking for C compiler default output file name
configure:2522: result: a.out
configure:2528: checking for suffix of executables
configure:2535: gcc -o conftest    conftest.c  >&5
configure:2539: $? = 0
configure:2561: result: 
configure:2583: checking whether we are cross compiling
configure:2591: gcc -o conftest    conftest.c  >&5
configure:2595: $? = 0
configure:2602: ./conftest
configure:2606: $? = 0
configure:2594: result: no
configure:2599: checking for suffix of object files
configure:2621: gcc -c   conftest.c >&5
configure:2625: $? = 0
configure:2646: result: o
configure:2650: checking whether we are using the GNU C compiler
configure:2669: gcc -c   conftest.c >&5
configure:2669: $? = 0
configure:2678: result: yes
configure:2687: checking whether gcc accepts -g
configure:2707: gcc -c -g  conftest.c >&5
configure:2707: $? = 0
configure:2748: result: yes
configure:2765: checking for gcc option to accept ISO C89
configure:2828: gcc  -c -g -O2  conftest.c >&5
configure:2828: $? = 0
configure:2841: result: none needed
configure:2865: checking for gcc option to accept ISO C99
configure:3014: gcc  -c -g -O2  conftest.c >&5
configure:3014: $? = 0
configure:3027: result: none needed
configure:3135: checking for gcc option to accept ISO Standard C
configure:3146: result: none needed
configure:3153: checking whether ln -s works
configure:3157: result: yes
configure:3207: checking for a BSD-compatible install
configure:3275: result: /usr/bin/install -c
configure:3296: checking how to run the C preprocessor
configure:3327: gcc -E  conftest.c
configure:3327: $? = 0
configure:3341: gcc -E  conftest.c
conftest.c:9:10: fatal error: ac_nonexistent.h: No such file or directory
    9 | #include <ac_nonexistent.h>
      |          ^~~~~~~~~~~~~~~~~~
compilation terminated.
configure:3341: $? = 1
configure: failed program was:
| /* confdefs.h */
| #define PACKAGE_NAME "FULL-PACKAGE-NAME"
| #define PACKAGE_TARNAME "full-package-name"
| #define PACKAGE_VERSION "VERSION"
| #define PACKAGE_STRING "FULL-PACKAGE-NAME VERSION"
| #define PACKAGE_BUGREPORT "BUG-REPORT-ADDRESS"
| #define PACKAGE_URL ""
| /* end confdefs.h.  */
| #include <ac_nonexistent.h>
configure:3366: result: gcc -E
configure:3386: gcc -E  conftest.c
configure:3386: $? = 0
configure:3400: gcc -E  conftest.c
conftest.c:9:10: fatal error: ac_nonexistent.h: No such file or directory
    9 | #include <ac_nonexistent.h>
      |          ^~~~~~~~~~~~~~~~~~
compilation terminated.
configure:3400: $? = 1
configure: failed program was:
| /* confdefs.h */
| #define PACKAGE_NAME "FULL-PACKAGE-NAME"
| #define PACKAGE_TARNAME "full-package-name"
| #define PACKAGE_VERSION "VERSION"
| #define PACKAGE_STRING "FULL-PACKAGE-NAME VERSION"
| #define PACKAGE_BUGREPORT "BUG-REPORT-ADDRESS"
| #define PACKAGE_URL ""
| /* end confdefs.h.  */
| #include <ac_nonexistent.h>
configure:3429: checking for grep that handles long lines and -e
configure:3487: result: /usr/bin/grep
configure:3492: checking for egrep
configure:3554: result: /usr/bin/grep -E
configure:3559: checking for ANSI C header files
configure:3579: gcc -c -g -O2  conftest.c >&5
configure:3579: $? = 0
configure:3652: gcc -o conftest -g -O2   conftest.c  >&5
configure:3652: $? = 0
configure:3652: ./conftest
configure:3652: $? = 0
configure:3663: result: yes
configure:3676: checking for sys/types.h
configure:3676: gcc -c -g -O2  conftest.c >&5
configure:3676: $? = 0
configure:3676: result: yes
configure:3676: checking for sys/stat.h
configure:3676: gcc -c -g -O2  conftest.c >&5
configure:3676: $? = 0
configure:3676: result: yes
configure:3676: checking for stdlib.h
configure:3676: gcc -c -g -O2  conftest.c >&5
configure:3676: $? = 0
configure:3676: result: yes
configure:3676: checking for string.h
configure:3676: gcc -c -g -O2  conftest.c >&5
configure:3676: $? = 0
configure:3676: result: yes
configure:3676: checking for memory.h
configure:3676: gcc -c -g -O2  conftest.c >&5
configure:3676: $? = 0
configure:3676: result: yes
configure:3676: checking for strings.h
configure:3676: gcc -c -g -O2  conftest.c >&5
configure:3676: $? = 0
configure:3676: result: yes
configure:3676: checking for inttypes.h
configure:3676: gcc -c -g -O2  conftest.c >&5
configure:3676: $? = 0
configure:3676: result: yes
configure:3676: checking for stdint.h
configure:3676: gcc -c -g -O2  conftest.c >&5
configure:3676: $? = 0
configure:3676: result: yes
configure:3676: checking for unistd.h
configure:3676: gcc -c -g -O2  conftest.c >&5
configure:3676: $? = 0
configure:3676: result: yes
configure:3691: checking fcntl.h usability
configure:3691: gcc -c -g -O2  conftest.c >&5
configure:3691: $? = 0
configure:3691: result: yes
configure:3691: checking fcntl.h presence
configure:3691: gcc -E  conftest.c
configure:3691: $? = 0
configure:3691: result: yes
configure:3691: checking for fcntl.h
configure:3691: result: yes
configure:3691: checking for stdlib.h
configure:3691: result: yes
configure:3691: checking for string.h
configure:3691: result: yes
configure:3691: checking sys/time.h usability
configure:3691: gcc -c -g -O2  conftest.c >&5
configure:3691: $? = 0
configure:3691: result: yes
configure:3691: checking sys/time.h presence
configure:3691: gcc -E  conftest.c
configure:3691: $? = 0
configure:3691: result: yes
configure:3691: checking for sys/time.h
configure:3691: result: yes
configure:3691: checking for unistd.h
configure:3691: result: yes
configure:3707: checking for stdlib.h
configure:3707: result: yes
configure:3717: checking for GNU libc compatible malloc
configure:3741: gcc -o conftest -g -O2   conftest.c  >&5
configure:3741: $? = 0
configure:3741: ./conftest
configure:3741: $? = 0
configure:3751: result: yes
configure:3778: checking for stdlib.h
configure:3778: result: yes
configure:3778: checking for unistd.h
configure:3778: result: yes
configure:3778: checking for sys/param.h
configure:3778: gcc -c -g -O2  conftest.c >&5
configure:3778: $? = 0
configure:3778: result: yes
configure:3798: checking for getpagesize
configure:3798: gcc -o conftest -g -O2   conftest.c  >&5
configure:3798: $? = 0
configure:3798: result: yes
configure:3807: checking for working mmap
configure:3954: gcc -o conftest -g -O2   conftest.c  >&5
configure:3954: $? = 0
configure:3954: ./conftest
configure:3954: $? = 0
configure:3964: result: yes
configure:3976: checking for memset
configure:3976: gcc -o conftest -g -O2   conftest.c  >&5
conftest.c:54:6: warning: conflicting types for built-in function 'memset'; expected 'void *(void *, int,  long unsigned int)' [-Wbuiltin-declaration-mismatch]
   54 | char memset ();
      |      ^~~~~~
conftest.c:42:1: note: 'memset' is declared in header '<string.h>'
   41 | # include <limits.h>
   42 | #else
configure:3976: $? = 0
configure:3976: result: yes
configure:3976: checking for munmap
configure:3976: gcc -o conftest -g -O2   conftest.c  >&5
configure:3976: $? = 0
configure:3976: result: yes
configure:4094: creating ./config.status

## ---------------------- ##
## Running config.status. ##
## ---------------------- ##

This file was extended by FULL-PACKAGE-NAME config.status VERSION, which was
generated by GNU Autoconf 2.69.  Invocation command line was

  CONFIG_FILES    = 
  CONFIG_HEADERS  = 
  CONFIG_LINKS    = 
  CONFIG_COMMANDS = 
  $ ./config.status 

on vagrant

config.status:817: creating src/Makefile
config.status:817: creating libuser/Makefile
config.status:817: creating pterm/Makefile
config.status:817: creating Makefile
config.status:817: creating libdisk/Makefile
config.status:817: creating config.mk
config.status:817: creating config.h

## ---------------- ##
## Cache variables. ##
## ---------------- ##

ac_cv_c_compiler_gnu=yes
ac_cv_env_CC_set=
ac_cv_env_CC_value=
ac_cv_env_CFLAGS_set=
ac_cv_env_CFLAGS_value=
ac_cv_env_CPPFLAGS_set=
ac_cv_env_CPPFLAGS_value=
ac_cv_env_CPP_set=
ac_cv_env_CPP_value=
ac_cv_env_LDFLAGS_set=
ac_cv_env_LDFLAGS_value=
ac_cv_env_LIBS_set=
ac_cv_env_LIBS_value=
ac_cv_env_build_alias_set=
ac_cv_env_build_alias_value=
ac_cv_env_host_alias_set=
ac_cv_env_host_alias_value=
ac_cv_env_target_alias_set=
ac_cv_env_target_alias_value=
ac_cv_func_getpagesize=yes
ac_cv_func_malloc_0_nonnull=yes
ac_cv_func_memset=yes
ac_cv_func_mmap_fixed_mapped=yes
ac_cv_func_munmap=yes
ac_cv_header_fcntl_h=yes
ac_cv_header_inttypes_h=yes
ac_cv_header_memory_h=yes
ac_cv_header_stdc=yes
ac_cv_header_stdint_h=yes
ac_cv_header_stdlib_h=yes
ac_cv_header_string_h=yes
ac_cv_header_strings_h=yes
ac_cv_header_sys_param_h=yes
ac_cv_header_sys_stat_h=yes
ac_cv_header_sys_time_h=yes
ac_cv_header_sys_types_h=yes
ac_cv_header_unistd_h=yes
ac_cv_objext=o
ac_cv_path_EGREP='/usr/bin/grep -E'
ac_cv_path_GREP=/usr/bin/grep
ac_cv_path_install='/usr/bin/install -c'
ac_cv_prog_CPP='gcc -E'
ac_cv_prog_ac_ct_CC=gcc
ac_cv_prog_cc_c89=
ac_cv_prog_cc_c99=
ac_cv_prog_cc_g=yes
ac_cv_prog_cc_stdc=

## ----------------- ##
## Output variables. ##
## ----------------- ##

CC='gcc'
CFLAGS='-g -O2'
CPP='gcc -E'
CPPFLAGS=''
DEFS='-DHAVE_CONFIG_H'
ECHO_C=''
ECHO_N='-n'
ECHO_T=''
EGREP='/usr/bin/grep -E'
EXEEXT=''
GREP='/usr/bin/grep'
INSTALL_DATA='${INSTALL} -m 644'
INSTALL_PROGRAM='${INSTALL}'
INSTALL_SCRIPT='${INSTALL}'
LDFLAGS=''
LIBOBJS=''
LIBS=''
LN_S='ln -s'
LTLIBOBJS=''
OBJEXT='o'
PACKAGE_BUGREPORT='BUG-REPORT-ADDRESS'
PACKAGE_NAME='FULL-PACKAGE-NAME'
PACKAGE_STRING='FULL-PACKAGE-NAME VERSION'
PACKAGE_TARNAME='full-package-name'
PACKAGE_URL=''
PACKAGE_VERSION='VERSION'
PATH_SEPARATOR=':'
SHELL='/bin/bash'
ac_ct_CC='gcc'
bindir='${exec_prefix}/bin'
build_alias=''
datadir='${datarootdir}'
datarootdir='${prefix}/share'
docdir='${datarootdir}/doc/${PACKAGE_TARNAME}'
dvidir='${docdir}'
exec_prefix='${prefix}'
host_alias=''
htmldir='${docdir}'
includedir='${prefix}/include'
infodir='${datarootdir}/info'
libdir='${exec_prefix}/lib'
libexecdir='${exec_prefix}/libexec'
localedir='${datarootdir}/locale'
localstatedir='${prefix}/var'
mandir='${datarootdir}/man'
oldincludedir='/usr/include'
pdfdir='${docdir}'
prefix='/home/vagrant'
program_transform_name='s,x,x,'
psdir='${docdir}'
sbindir='${exec_prefix}/sbin'
sharedstatedir='${prefix}/com'
sysconfdir='${prefix}/etc'
target_alias=''

## ----------- ##
## confdefs.h. ##
## ----------- ##

/* confdefs.h */
#define PACKAGE_NAME "FULL-PACKAGE-NAME"
#define PACKAGE_TARNAME "full-package-name"
#define PACKAGE_VERSION "VERSION"
#define PACKAGE_STRING "FULL-PACKAGE-NAME VERSION"
#define PACKAGE_BUGREPORT "BUG-REPORT-ADDRESS"
#define PACKAGE_URL ""
#define STDC_HEADERS 1
#define HAVE_SYS_TYPES_H 1
#define HAVE_SYS_STAT_H 1
#define HAVE_STDLIB_H 1
#define HAVE_STRING_H 1
#define HAVE_MEMORY_H 1
#define HAVE_STRINGS_H 1
#define HAVE_INTTYPES_H 1
#define HAVE_STDINT_H 1
#define HAVE_UNISTD_H 1
#define HAVE_FCNTL_H 1
#define HAVE_STDLIB_H 1
#define HAVE_STRING_H 1
#define HAVE_SYS_TIME_H 1
#define HAVE_UNISTD_H 1
#define HAVE_STDLIB_H 1
#define HAVE_MALLOC 1
#define HAVE_STDLIB_H 1
#define HAVE_UNISTD_H 1
#define HAVE_SYS_PARAM_H 1
#define HAVE_GETPAGESIZE 1
#define HAVE_MMAP 1
#define HAVE_MEMSET 1
#define HAVE_MUNMAP 1

configure: exit 0
